<?xml version="1.0" encoding="UTF-8"?>
<!-- Generated by org.testng.reporters.JUnitReportReporter -->
<testsuite hostname="aguirre39" failures="0" tests="2" name="br.ce.wcaquino.servicos.CalculadoraMockTest" time="1.625" errors="0" timestamp="2023-06-23T10:54:07 BRT" skipped="0">
  <testcase classname="br.ce.wcaquino.servicos.CalculadoraMockTest" name="testMock" time="0.809"/>
  <system-out/>
  <testcase classname="br.ce.wcaquino.servicos.CalculadoraMockTest" name="testShowDifferenceBetweenMockAndSpy" time="0.816"/>
  <system-out/>
</testsuite> <!-- br.ce.wcaquino.servicos.CalculadoraMockTest -->
