<?xml version="1.0" encoding="UTF-8"?>
<!-- Generated by org.testng.reporters.JUnitReportReporter -->
<testsuite hostname="aguirre39" failures="0" tests="6" name="br.ce.wcaquino.servicos.CalculoValorLocacaoTest" time="0.453" errors="0" timestamp="2023-06-23T10:54:07 BRT" skipped="0">
  <testcase classname="br.ce.wcaquino.servicos.CalculoValorLocacaoTest" name="deveCalcularValorLocacaoConsiderandoDescontos[3 Filmes: 25%]" time="0.072"/>
  <system-out/>
  <testcase classname="br.ce.wcaquino.servicos.CalculoValorLocacaoTest" name="deveCalcularValorLocacaoConsiderandoDescontos[7 Filmes: Sem Desconto]" time="0.081"/>
  <system-out/>
  <testcase classname="br.ce.wcaquino.servicos.CalculoValorLocacaoTest" name="deveCalcularValorLocacaoConsiderandoDescontos[5 Filmes: 75%]" time="0.078"/>
  <system-out/>
  <testcase classname="br.ce.wcaquino.servicos.CalculoValorLocacaoTest" name="deveCalcularValorLocacaoConsiderandoDescontos[4 Filmes: 50%]" time="0.074"/>
  <system-out/>
  <testcase classname="br.ce.wcaquino.servicos.CalculoValorLocacaoTest" name="deveCalcularValorLocacaoConsiderandoDescontos[6 Filmes: 100%]" time="0.079"/>
  <system-out/>
  <testcase classname="br.ce.wcaquino.servicos.CalculoValorLocacaoTest" name="deveCalcularValorLocacaoConsiderandoDescontos[2 Filmes: Sem Desconto]" time="0.069"/>
  <system-out/>
</testsuite> <!-- br.ce.wcaquino.servicos.CalculoValorLocacaoTest -->
