<?xml version="1.0" encoding="UTF-8"?>
<!-- Generated by org.testng.reporters.JUnitReportReporter -->
<testsuite hostname="aguirre39" failures="0" tests="1" name="AssertTest" time="0.008" errors="0" timestamp="2023-06-23T10:54:07 BRT" skipped="0">
  <testcase classname="AssertTest" name="test" time="0.008"/>
  <system-out/>
</testsuite> <!-- AssertTest -->
