<?xml version="1.0" encoding="UTF-8"?>
<!-- Generated by org.testng.reporters.JUnitReportReporter -->
<testsuite hostname="aguirre39" failures="0" tests="10" name="br.ce.wcaquino.servicos.LocacaoServiceTest" time="0.738" errors="0" timestamp="2023-06-23T10:54:07 BRT" skipped="0">
  <testcase classname="br.ce.wcaquino.servicos.LocacaoServiceTest" name="naoDeveAlugarFilmeSemUsuario" time="0.094"/>
  <system-out/>
  <testcase classname="br.ce.wcaquino.servicos.LocacaoServiceTest" name="deveCalcularValorLocacao" time="0.098"/>
  <system-out/>
  <testcase classname="br.ce.wcaquino.servicos.LocacaoServiceTest" name="naoDeveAlugarFilmeParaNegativadoSPC" time="0.081"/>
  <system-out/>
  <testcase classname="br.ce.wcaquino.servicos.LocacaoServiceTest" name="naoDeveAlugarFilmeSemEstoque" time="0.036"/>
  <system-out/>
  <testcase classname="br.ce.wcaquino.servicos.LocacaoServiceTest" name="naoDeveAlugarFilmeSemFilme" time="0.032"/>
  <system-out/>
  <testcase classname="br.ce.wcaquino.servicos.LocacaoServiceTest" name="deveProrrogarUmaLocacao" time="0.061"/>
  <system-out/>
  <testcase classname="br.ce.wcaquino.servicos.LocacaoServiceTest" name="deveEnviarEmailParaLocacoesAtrasadas" time="0.078"/>
  <system-out/>
  <testcase classname="br.ce.wcaquino.servicos.LocacaoServiceTest" name="deveTratarErronoSPC" time="0.067"/>
  <system-out/>
  <testcase classname="br.ce.wcaquino.servicos.LocacaoServiceTest" name="deveDevolverNaSegundaAoAlugarNoSabado" time="0.089"/>
  <system-out/>
  <testcase classname="br.ce.wcaquino.servicos.LocacaoServiceTest" name="deveAlugarFilme" time="0.102"/>
  <system-out/>
</testsuite> <!-- br.ce.wcaquino.servicos.LocacaoServiceTest -->
